
======================================================================
Training Log Started: 2025-11-24 16:02:44
Log File: results\training_log_20251124_160244.txt
======================================================================

📝 All output will be logged to: results\training_log_20251124_160244.txt
======================================================================

======================================================================
Quantum Machine Learning: Transformer + AutoML
Dataset: 5G-NIDD
======================================================================

======================================================================
GPU Availability Check
======================================================================
✓ GPU Available: NVIDIA GeForce RTX 5060
  GPU Memory: 8.55 GB
  CUDA Version: 12.6
  PyTorch Version: 2.9.1+cu126
  ✓ GPU Test: Successfully created tensor on cuda:0

🚀 GPU Ready: cuda:0
Note: Classical layers will use GPU, quantum circuits run on CPU

======================================================================
SECTION 1: Testing Data Loader
======================================================================
📊 Using TEST dataset (10,000 samples) for quick validation
Loading data from data/data.csv...
Dataset shape: (10000, 52)
Columns (52): ['Unnamed: 0', 'Seq', 'Dur', 'RunTime', 'Mean', 'Sum', 'Min', 'Max', 'Proto', 'sTos']...
✓ Data loaded: (10000, 52)
Target Column detected: 'Label'
Dropping sparse column: Proto (>50% NaN)
Dropping sparse column: dTos (>50% NaN)
Dropping sparse column: sDSb (>50% NaN)
Dropping sparse column: dDSb (>50% NaN)
Dropping sparse column: dTtl (>50% NaN)
Dropping sparse column: dHops (>50% NaN)
Dropping sparse column: Cause (>50% NaN)
Dropping sparse column: State (>50% NaN)
Dropping sparse column: DstWin (>50% NaN)
Dropping sparse column: sVid (>50% NaN)
Dropping sparse column: dVid (>50% NaN)
Dropping sparse column: DstTCPBase (>50% NaN)
Dropping 1084 rows with NaN features (10.84%)
Final Features shape: (8916, 35)
Final Labels shape: (8916,)
Selected 35 feature columns
Unique labels (2): ['Benign' 'Malicious']
✓ Features extracted: X=(8916, 35), y=(8916,)
Data split - Train: (6240, 35), Val: (892, 35), Test: (1784, 35)
✓ Data split complete
  Train: (6240, 35), Val: (892, 35), Test: (1784, 35)

======================================================================
SECTION 2: Testing Data Preprocessor
======================================================================
Reducing to 16 features (2^4 for amplitude encoding with 4 qubits)...
Reducing dimensions from 35 to 16 using select_k_best...
Selected 16 best features from 35 original features
✓ Features preprocessed: (6240, 16)
Classes: ['Benign' 'Malicious']
Label mapping: {'Benign': 0, 'Malicious': 1}
✓ Labels encoded
Input dimension: 16
Number of classes: 2
Train set: (6240, 16)
Val set: (892, 16)
Test set: (1784, 16)

======================================================================
SECTION 7: Full Pipeline
======================================================================

======================================================================
Step 3: AutoML Hyperparameter Optimization
======================================================================
Using device: cuda:0
Training on TEST dataset (10,000 samples) for validation
🎮 AutoML GPU: NVIDIA GeForce RTX 5060 (Compute Capability: 12.0)
⚠️  WARNING: GPU with compute capability 12.0 detected
   This GPU architecture may not be supported by current PyTorch builds.
   ⚠️  RTX 5060 or similar Blackwell architecture GPU detected (sm_120)
   Testing compatibility...

❌ AutoML CUDA Kernel Compatibility Error
   GPU: NVIDIA GeForce RTX 5060
   Compute Capability: 12.0

   🔍 DIAGNOSIS: RTX 5060 or newer GPU (sm_120+)
   Current PyTorch build doesn't include kernels for this GPU architecture.

   💡 SOLUTIONS:
   1. Try PyTorch nightly build:
      pip install --pre torch torchvision torchaudio --index-url https://download.pytorch.org/whl/nightly/cu126
   2. Use CPU mode (automatic fallback - slower but works)

   ⚙️  AutoML falling back to CPU mode...
   ✅ AutoML will use CPU (slower but will work)
Starting Optuna optimization on cpu with 30 trials...
[I 2025-11-24 16:03:35,625] Trial 0 finished with value: 1.0 and parameters: {'embed_dim': 64, 'n_transformer_layers': 6, 'n_quantum_layers': 3, 'n_qubits': 4, 'dropout': 0.279597545259111, 'learning_rate': 0.0002051338263087451, 'batch_size': 128, 'n_epochs': 11}. Best is trial 0 with value: 1.0.
[Best Model Saved] Trial 0 - Val Acc: 1.0000, Val Loss: 0.2923
[I 2025-11-24 16:03:55,337] Trial 1 finished with value: 1.0 and parameters: {'embed_dim': 96, 'n_transformer_layers': 2, 'n_quantum_layers': 4, 'n_qubits': 4, 'dropout': 0.34973279224012654, 'learning_rate': 0.00026587543983272726, 'batch_size': 128, 'n_epochs': 10}. Best is trial 0 with value: 1.0.
[I 2025-11-24 16:04:11,923] Trial 2 finished with value: 1.0 and parameters: {'embed_dim': 80, 'n_transformer_layers': 3, 'n_quantum_layers': 3, 'n_qubits': 4, 'dropout': 0.14184815819561256, 'learning_rate': 0.0003839629299804173, 'batch_size': 128, 'n_epochs': 7}. Best is trial 0 with value: 1.0.
[I 2025-11-24 16:04:20,275] Trial 3 pruned. 
[I 2025-11-24 16:04:27,894] Trial 4 pruned. 
[Early Stop] Trial 5 stopped at epoch 12/14 - Val loss not improving (best: 0.1986, current: 0.2017, best acc: 1.0000)
[I 2025-11-24 16:06:13,926] Trial 5 finished with value: 1.0 and parameters: {'embed_dim': 96, 'n_transformer_layers': 3, 'n_quantum_layers': 3, 'n_qubits': 4, 'dropout': 0.26401308380298394, 'learning_rate': 0.00023426581058204064, 'batch_size': 32, 'n_epochs': 14}. Best is trial 0 with value: 1.0.
[I 2025-11-24 16:07:19,614] Trial 6 finished with value: 1.0 and parameters: {'embed_dim': 96, 'n_transformer_layers': 6, 'n_quantum_layers': 1, 'n_qubits': 4, 'dropout': 0.15879485872574356, 'learning_rate': 0.00012315571723666037, 'batch_size': 64, 'n_epochs': 14}. Best is trial 0 with value: 1.0.
[Early Stop] Trial 7 stopped at epoch 7/7 - Val loss not improving (best: 0.1989, current: 0.2011, best acc: 1.0000)
[I 2025-11-24 16:07:49,750] Trial 7 finished with value: 1.0 and parameters: {'embed_dim': 64, 'n_transformer_layers': 3, 'n_quantum_layers': 3, 'n_qubits': 4, 'dropout': 0.1422772674924288, 'learning_rate': 0.0040215545266902904, 'batch_size': 64, 'n_epochs': 7}. Best is trial 0 with value: 1.0.
[I 2025-11-24 16:08:15,185] Trial 8 pruned. 
[I 2025-11-24 16:08:28,841] Trial 9 finished with value: 1.0 and parameters: {'embed_dim': 96, 'n_transformer_layers': 3, 'n_quantum_layers': 1, 'n_qubits': 4, 'dropout': 0.19329469651469866, 'learning_rate': 0.0004470608546778491, 'batch_size': 128, 'n_epochs': 10}. Best is trial 0 with value: 1.0.
[Early Stop] Trial 10 stopped at epoch 11/11 - Val loss not improving (best: 0.1987, current: 0.1998, best acc: 1.0000)
[I 2025-11-24 16:10:35,019] Trial 10 finished with value: 1.0 and parameters: {'embed_dim': 128, 'n_transformer_layers': 5, 'n_quantum_layers': 2, 'n_qubits': 4, 'dropout': 0.37968710257353616, 'learning_rate': 0.001103265464618734, 'batch_size': 32, 'n_epochs': 11}. Best is trial 0 with value: 1.0.
[I 2025-11-24 16:11:20,227] Trial 11 finished with value: 1.0 and parameters: {'embed_dim': 32, 'n_transformer_layers': 5, 'n_quantum_layers': 4, 'n_qubits': 4, 'dropout': 0.3576779691245997, 'learning_rate': 0.0007584001479563494, 'batch_size': 128, 'n_epochs': 10}. Best is trial 0 with value: 1.0.
[I 2025-11-24 16:11:26,243] Trial 12 pruned. 
[I 2025-11-24 16:11:40,060] Trial 13 pruned. 
[Early Stop] Trial 14 stopped at epoch 7/12 - Val loss not improving (best: 0.1987, current: 0.1990, best acc: 1.0000)
[I 2025-11-24 16:11:57,411] Trial 14 finished with value: 1.0 and parameters: {'embed_dim': 112, 'n_transformer_layers': 4, 'n_quantum_layers': 2, 'n_qubits': 4, 'dropout': 0.30229344795163393, 'learning_rate': 0.0018766870441105819, 'batch_size': 128, 'n_epochs': 12}. Best is trial 0 with value: 1.0.
[Early Stop] Trial 15 stopped at epoch 5/5 - Val loss not improving (best: 0.1993, current: 0.2012, best acc: 1.0000)
[I 2025-11-24 16:13:40,047] Trial 15 finished with value: 1.0 and parameters: {'embed_dim': 64, 'n_transformer_layers': 6, 'n_quantum_layers': 4, 'n_qubits': 4, 'dropout': 0.23506836917789348, 'learning_rate': 0.009818247569037455, 'batch_size': 32, 'n_epochs': 5}. Best is trial 0 with value: 1.0.
[I 2025-11-24 16:13:43,876] Trial 16 pruned. 
[I 2025-11-24 16:13:57,495] Trial 17 pruned. 
[I 2025-11-24 16:15:48,827] Trial 18 finished with value: 1.0 and parameters: {'embed_dim': 80, 'n_transformer_layers': 4, 'n_quantum_layers': 4, 'n_qubits': 4, 'dropout': 0.2897186734489831, 'learning_rate': 0.0007037874972947771, 'batch_size': 32, 'n_epochs': 8}. Best is trial 0 with value: 1.0.
[I 2025-11-24 16:16:14,259] Trial 19 pruned. 
[I 2025-11-24 16:16:18,080] Trial 20 pruned. 
[I 2025-11-24 16:16:25,053] Trial 21 pruned. 
[I 2025-11-24 16:16:32,014] Trial 22 pruned. 
[I 2025-11-24 16:16:36,788] Trial 23 pruned. 
[Early Stop] Trial 24 stopped at epoch 10/10 - Val loss not improving (best: 0.1990, current: 0.1992, best acc: 1.0000)
[I 2025-11-24 16:17:13,901] Trial 24 finished with value: 1.0 and parameters: {'embed_dim': 64, 'n_transformer_layers': 4, 'n_quantum_layers': 4, 'n_qubits': 4, 'dropout': 0.15640356321036158, 'learning_rate': 0.0014411338122813277, 'batch_size': 128, 'n_epochs': 10}. Best is trial 0 with value: 1.0.
[I 2025-11-24 16:17:40,951] Trial 25 finished with value: 1.0 and parameters: {'embed_dim': 80, 'n_transformer_layers': 3, 'n_quantum_layers': 2, 'n_qubits': 4, 'dropout': 0.32043340879657656, 'learning_rate': 0.00035182107867254227, 'batch_size': 128, 'n_epochs': 15}. Best is trial 0 with value: 1.0.
[I 2025-11-24 16:17:45,602] Trial 26 pruned. 
[I 2025-11-24 16:18:17,414] Trial 27 finished with value: 1.0 and parameters: {'embed_dim': 96, 'n_transformer_layers': 3, 'n_quantum_layers': 4, 'n_qubits': 4, 'dropout': 0.2594125576915605, 'learning_rate': 0.0002032510283049333, 'batch_size': 128, 'n_epochs': 11}. Best is trial 0 with value: 1.0.
[I 2025-11-24 16:18:34,726] Trial 28 pruned. 
[Early Stop] Trial 29 stopped at epoch 7/13 - Val loss not improving (best: 0.1992, current: 0.1996, best acc: 1.0000)
[I 2025-11-24 16:19:36,060] Trial 29 finished with value: 1.0 and parameters: {'embed_dim': 112, 'n_transformer_layers': 4, 'n_quantum_layers': 2, 'n_qubits': 4, 'dropout': 0.2741033615972338, 'learning_rate': 0.0002609758185362458, 'batch_size': 32, 'n_epochs': 13}. Best is trial 0 with value: 1.0.

Best trial value: 1.0000
Best params:
  embed_dim: 64
  n_transformer_layers: 6
  n_quantum_layers: 3
  n_qubits: 4
  dropout: 0.279597545259111
  learning_rate: 0.0002051338263087451
  batch_size: 128
  n_epochs: 11

Best model state_dict saved from trial 0

Best hyperparameters found:
  embed_dim: 64
  n_transformer_layers: 6
  n_quantum_layers: 3
  n_qubits: 4
  dropout: 0.279597545259111
  learning_rate: 0.0002051338263087451
  batch_size: 128
  n_epochs: 11

======================================================================
Step 4: Training Quantum Transformer with Best Hyperparameters
======================================================================
✓ Model created with 269,738 parameters
🎮 GPU: NVIDIA GeForce RTX 5060 (Compute Capability: 12.0)

⚠️  WARNING: GPU with compute capability 12.0 detected
   This GPU architecture may not be supported by current PyTorch builds.
   ⚠️  RTX 5060 or similar Blackwell architecture GPU detected (sm_120)
   Official stable PyTorch releases don't support this GPU yet.

   💡 RECOMMENDED SOLUTIONS:
   1. Try PyTorch nightly build (may have sm_120 support):
      pip install --pre torch torchvision torchaudio --index-url https://download.pytorch.org/whl/nightly/cu126
   2. Use CPU mode (automatic fallback - slower but works)
   3. Wait for official PyTorch release with sm_120 support

   Testing compatibility...

❌ CUDA Kernel Compatibility Error
   GPU: NVIDIA GeForce RTX 5060
   Compute Capability: 12.0

   🔍 DIAGNOSIS: RTX 5060 or newer GPU (sm_120+)
   Current PyTorch build doesn't include kernels for this GPU architecture.

   💡 SOLUTIONS (in order of recommendation):
   1. Try PyTorch nightly build:
      pip install --pre torch torchvision torchaudio --index-url https://download.pytorch.org/whl/nightly/cu126
      Then restart your script.
   2. Use CPU mode (automatic - slower but works):
      The trainer will automatically fall back to CPU.
   3. Build PyTorch from source with sm_120 support (advanced)
   4. Wait for official PyTorch release

   ⚙️  Falling back to CPU mode...
   ℹ️  Compilation disabled (CPU mode on Windows requires C++ compiler)
✅ Using CPU (GPU unavailable or incompatible)
✅ Model initialized on cpu (Compilation disabled)
✅ Hardware detected: Device=cpu, CPUs=6

📊 Training Configuration:
  Dataset: TEST dataset (10,000 samples)
  Epochs: 11
  Batch size: 128
  Learning rate: 0.000205
  Label smoothing: 0.1 (for better generalization)
  LR Scheduler: CosineAnnealingWarmRestarts (T_0=10, T_mult=2)

--- Starting Quantum-Hybrid Training ---
⚠️ Windows detected: Forced num_workers=0 (Multiprocessing disabled for stability)
⚙️ DataLoader Config: workers=0, pin_memory=False
Epoch 1/11: Train Loss: 0.6740 | Val Loss: 0.5792 | Val Acc: 0.9966 | LR: 0.000205
Epoch 2/11: Train Loss: 0.6221 | Val Loss: 0.6186 | Val Acc: 0.9966 | LR: 0.000200
Epoch 3/11: Train Loss: 0.5758 | Val Loss: 0.5988 | Val Acc: 0.9966 | LR: 0.000186
Epoch 4/11: Train Loss: 0.5386 | Val Loss: 0.5308 | Val Acc: 0.9966 | LR: 0.000163
Epoch 5/11: Train Loss: 0.5036 | Val Loss: 0.4720 | Val Acc: 1.0000 | LR: 0.000135
Epoch 6/11: Train Loss: 0.4781 | Val Loss: 0.4627 | Val Acc: 1.0000 | LR: 0.000103
Epoch 7/11: Train Loss: 0.4614 | Val Loss: 0.4365 | Val Acc: 1.0000 | LR: 0.000072
Epoch 8/11: Train Loss: 0.4510 | Val Loss: 0.4490 | Val Acc: 1.0000 | LR: 0.000043
Epoch 9/11: Train Loss: 0.4441 | Val Loss: 0.4527 | Val Acc: 1.0000 | LR: 0.000020
Epoch 10/11: Train Loss: 0.4406 | Val Loss: 0.4524 | Val Acc: 1.0000 | LR: 0.000006
Epoch 11/11: Train Loss: 0.4227 | Val Loss: 0.3988 | Val Acc: 1.0000 | LR: 0.000205
✅ Training complete. Best model saved to models/best_model.pth

======================================================================
Step 5: Evaluating on Test Set
======================================================================
⚠️ Windows detected: Forced num_workers=0 (Multiprocessing disabled for stability)

======================================================================
Running Final Evaluation...
======================================================================

Test Results:
  Accuracy:  0.9972
  F1-Score:  0.9974
  Precision: 0.9979
  Recall:    0.9972

Confusion Matrix:
[[  14    0]
 [   5 1765]]

Detailed Classification Report:
              precision    recall  f1-score   support

           0     0.7368    1.0000    0.8485        14
           1     1.0000    0.9972    0.9986      1770

    accuracy                         0.9972      1784
   macro avg     0.8684    0.9986    0.9235      1784
weighted avg     0.9979    0.9972    0.9974      1784

📊 Training history plot saved to results/training_history.png

======================================================================
Training Complete!
======================================================================
Best model saved to: models/best_model.pth
Results saved to: results/

✅ Log file saved to: results\training_log_20251124_160244.txt

======================================================================
Training Log Ended: 2025-11-24 16:20:30
Exit Status: SUCCESS
======================================================================
