[I 2025-11-24 04:26:13,734] Trial 23 finished with value: 0.0 and parameters: {'embed_dim': 96, 'n_transformer_layers': 2, 'n_quantum_layers': 3, 'n_qubits': 6, 'dropout': 0.10450636348770626, 'learning_rate': 0.00017023652505918272, 'batch_size': 128, 'n_epochs': 21}. Best is trial 0 with value: 0.0.
[Trial Failed] Error: CUDA error: no kernel image is available for execution on the device
Search for `cudaErrorNoKernelImageForDevice' in https://docs.nvidia.com/cuda/cuda-runtime-api/group__CUDART__TYPES.html for more information.
CUDA kernel errors might be asynchronously reported at some other API call, so the stacktrace below might be incorrect.
For debugging consider passing CUDA_LAUNCH_BLOCKING=1
Compile with `TORCH_USE_CUDA_DSA` to enable device-side assertions.

[I 2025-11-24 04:26:13,751] Trial 24 finished with value: 0.0 and parameters: {'embed_dim': 64, 'n_transformer_layers': 4, 'n_quantum_layers': 4, 'n_qubits': 6, 'dropout': 0.15640356321036158, 'learning_rate': 0.0014411338122813277, 'batch_size': 128, 'n_epochs': 17}. Best is trial 0 with value: 0.0.
[Trial Failed] Error: CUDA error: no kernel image is available for execution on the device
Search for `cudaErrorNoKernelImageForDevice' in https://docs.nvidia.com/cuda/cuda-runtime-api/group__CUDART__TYPES.html for more information.
CUDA kernel errors might be asynchronously reported at some other API call, so the stacktrace below might be incorrect.
For debugging consider passing CUDA_LAUNCH_BLOCKING=1
Compile with `TORCH_USE_CUDA_DSA` to enable device-side assertions.

[I 2025-11-24 04:26:13,767] Trial 25 finished with value: 0.0 and parameters: {'embed_dim': 80, 'n_transformer_layers': 3, 'n_quantum_layers': 2, 'n_qubits': 6, 'dropout': 0.32043340879657656, 'learning_rate': 0.00035182107867254227, 'batch_size': 128, 'n_epochs': 12}. Best is trial 0 with value: 0.0.
[Trial Failed] Error: CUDA error: no kernel image is available for execution on the device
Search for `cudaErrorNoKernelImageForDevice' in https://docs.nvidia.com/cuda/cuda-runtime-api/group__CUDART__TYPES.html for more information.
CUDA kernel errors might be asynchronously reported at some other API call, so the stacktrace below might be incorrect.
For debugging consider passing CUDA_LAUNCH_BLOCKING=1
Compile with `TORCH_USE_CUDA_DSA` to enable device-side assertions.

[I 2025-11-24 04:26:13,782] Trial 26 finished with value: 0.0 and parameters: {'embed_dim': 64, 'n_transformer_layers': 2, 'n_quantum_layers': 3, 'n_qubits': 6, 'dropout': 0.22512425610326553, 'learning_rate': 0.0005263674780287425, 'batch_size': 128, 'n_epochs': 19}. Best is trial 0 with value: 0.0.
[Trial Failed] Error: CUDA error: no kernel image is available for execution on the device
Search for `cudaErrorNoKernelImageForDevice' in https://docs.nvidia.com/cuda/cuda-runtime-api/group__CUDART__TYPES.html for more information.
CUDA kernel errors might be asynchronously reported at some other API call, so the stacktrace below might be incorrect.
For debugging consider passing CUDA_LAUNCH_BLOCKING=1
Compile with `TORCH_USE_CUDA_DSA` to enable device-side assertions.

[I 2025-11-24 04:26:13,798] Trial 27 finished with value: 0.0 and parameters: {'embed_dim': 96, 'n_transformer_layers': 3, 'n_quantum_layers': 4, 'n_qubits': 6, 'dropout': 0.2594125576915605, 'learning_rate': 0.0002032510283049333, 'batch_size': 128, 'n_epochs': 24}. Best is trial 0 with value: 0.0.
[Trial Failed] Error: CUDA error: no kernel image is available for execution on the device
Search for `cudaErrorNoKernelImageForDevice' in https://docs.nvidia.com/cuda/cuda-runtime-api/group__CUDART__TYPES.html for more information.
CUDA kernel errors might be asynchronously reported at some other API call, so the stacktrace below might be incorrect.
For debugging consider passing CUDA_LAUNCH_BLOCKING=1
Compile with `TORCH_USE_CUDA_DSA` to enable device-side assertions.

[I 2025-11-24 04:26:13,815] Trial 28 finished with value: 0.0 and parameters: {'embed_dim': 80, 'n_transformer_layers': 4, 'n_quantum_layers': 3, 'n_qubits': 6, 'dropout': 0.36980499749328544, 'learning_rate': 0.00013668924277241746, 'batch_size': 64, 'n_epochs': 16}. Best is trial 0 with value: 0.0.
[Trial Failed] Error: CUDA error: no kernel image is available for execution on the device
Search for `cudaErrorNoKernelImageForDevice' in https://docs.nvidia.com/cuda/cuda-runtime-api/group__CUDART__TYPES.html for more information.
CUDA kernel errors might be asynchronously reported at some other API call, so the stacktrace below might be incorrect.
For debugging consider passing CUDA_LAUNCH_BLOCKING=1
Compile with `TORCH_USE_CUDA_DSA` to enable device-side assertions.

[I 2025-11-24 04:26:13,834] Trial 29 finished with value: 0.0 and parameters: {'embed_dim': 112, 'n_transformer_layers': 4, 'n_quantum_layers': 2, 'n_qubits': 6, 'dropout': 0.2741033615972338, 'learning_rate': 0.0002609758185362458, 'batch_size': 32, 'n_epochs': 21}. Best is trial 0 with value: 0.0.

Best trial value: 0.0000
Best params:
  embed_dim: 64
  n_transformer_layers: 6
  n_quantum_layers: 3
  n_qubits: 6
  dropout: 0.279597545259111
  learning_rate: 0.0002051338263087451
  batch_size: 128
  n_epochs: 22

Warning: No best model state_dict was saved.

Best hyperparameters found:
  embed_dim: 64
  n_transformer_layers: 6
  n_quantum_layers: 3
  n_qubits: 6
  dropout: 0.279597545259111
  learning_rate: 0.0002051338263087451
  batch_size: 128
  n_epochs: 22

======================================================================
Step 4: Training Quantum Transformer with Best Hyperparameters
======================================================================
✓ Model created with 267,646 parameters
🎮 GPU: NVIDIA GeForce RTX 5060 (Compute Capability: 12.0)

⚠️  WARNING: GPU with compute capability 12.0 detected
   This GPU architecture may not be supported by current PyTorch builds.
   ⚠️  RTX 5060 or similar Blackwell architecture GPU detected (sm_120)
   Official stable PyTorch releases don't support this GPU yet.

   💡 RECOMMENDED SOLUTIONS:
   1. Try PyTorch nightly build (may have sm_120 support):
      pip install --pre torch torchvision torchaudio --index-url https://download.pytorch.org/whl/nightly/cu126
   2. Use CPU mode (automatic fallback - slower but works)
   3. Wait for official PyTorch release with sm_120 support

   Testing compatibility...

❌ CUDA Kernel Compatibility Error
   GPU: NVIDIA GeForce RTX 5060
   Compute Capability: 12.0

   🔍 DIAGNOSIS: RTX 5060 or newer GPU (sm_120+)
   Current PyTorch build doesn't include kernels for this GPU architecture.

   💡 SOLUTIONS (in order of recommendation):
   1. Try PyTorch nightly build:
      pip install --pre torch torchvision torchaudio --index-url https://download.pytorch.org/whl/nightly/cu126
      Then restart your script.
   2. Use CPU mode (automatic - slower but works):
      The trainer will automatically fall back to CPU.
   3. Build PyTorch from source with sm_120 support (advanced)
   4. Wait for official PyTorch release

   ⚙️  Falling back to CPU mode...
   ℹ️  Compilation disabled (CPU mode on Windows requires C++ compiler)
✅ Using CPU (GPU unavailable or incompatible)
✅ Model initialized on cpu (Compilation disabled)
✅ Hardware detected: Device=cpu, CPUs=6

📊 Training Configuration:
  Dataset: TEST dataset (50,000 samples)
  Epochs: 22
  Batch size: 128
  Learning rate: 0.000205
  Label smoothing: 0.1 (for better generalization)
  LR Scheduler: CosineAnnealingWarmRestarts (T_0=10, T_mult=2)

--- Starting Quantum-Hybrid Training ---
⚠️ Windows detected: Forced num_workers=0 (Multiprocessing disabled for stability)
⚙️ DataLoader Config: workers=0, pin_memory=False
Epoch 1/22: Train Loss: 0.3382 | Val Loss: 0.2228 | Val Acc: 0.9958 | LR: 0.000205
Epoch 2/22: Train Loss: 0.2406 | Val Loss: 0.2106 | Val Acc: 0.9956 | LR: 0.000200
Epoch 3/22: Train Loss: 0.2299 | Val Loss: 0.2080 | Val Acc: 0.9962 | LR: 0.000186
Epoch 4/22: Train Loss: 0.2263 | Val Loss: 0.2082 | Val Acc: 0.9958 | LR: 0.000163
Epoch 5/22: Train Loss: 0.2251 | Val Loss: 0.2081 | Val Acc: 0.9956 | LR: 0.000135
Epoch 6/22: Train Loss: 0.2241 | Val Loss: 0.2073 | Val Acc: 0.9960 | LR: 0.000103
Epoch 7/22: Train Loss: 0.2194 | Val Loss: 0.2035 | Val Acc: 0.9976 | LR: 0.000072
Epoch 8/22: Train Loss: 0.2153 | Val Loss: 0.2024 | Val Acc: 0.9978 | LR: 0.000043
Epoch 9/22: Train Loss: 0.2151 | Val Loss: 0.2020 | Val Acc: 0.9978 | LR: 0.000020
Epoch 10/22: Train Loss: 0.2147 | Val Loss: 0.2018 | Val Acc: 0.9978 | LR: 0.000006
Epoch 11/22: Train Loss: 0.2171 | Val Loss: 0.2022 | Val Acc: 0.9980 | LR: 0.000205
Epoch 12/22: Train Loss: 0.2157 | Val Loss: 0.2021 | Val Acc: 0.9984 | LR: 0.000204
Epoch 13/22: Train Loss: 0.2128 | Val Loss: 0.2001 | Val Acc: 0.9990 | LR: 0.000200
Epoch 14/22: Train Loss: 0.2126 | Val Loss: 0.2005 | Val Acc: 0.9986 | LR: 0.000194
Epoch 15/22: Train Loss: 0.2120 | Val Loss: 0.2017 | Val Acc: 0.9986 | LR: 0.000186
Epoch 16/22: Train Loss: 0.2130 | Val Loss: 0.2007 | Val Acc: 0.9984 | LR: 0.000175
Epoch 17/22: Train Loss: 0.2110 | Val Loss: 0.1996 | Val Acc: 0.9994 | LR: 0.000163
Epoch 18/22: Train Loss: 0.2115 | Val Loss: 0.1999 | Val Acc: 0.9994 | LR: 0.000149
Epoch 19/22: Train Loss: 0.2116 | Val Loss: 0.1999 | Val Acc: 0.9996 | LR: 0.000135
Epoch 20/22: Train Loss: 0.2111 | Val Loss: 0.1996 | Val Acc: 0.9994 | LR: 0.000119
Epoch 21/22: Train Loss: 0.2115 | Val Loss: 0.1992 | Val Acc: 0.9996 | LR: 0.000103
Epoch 22/22: Train Loss: 0.2105 | Val Loss: 0.1994 | Val Acc: 0.9996 | LR: 0.000087
✅ Training complete. Best model saved to models/best_model.pth

======================================================================
Step 5: Evaluating on Test Set
======================================================================
⚠️ Windows detected: Forced num_workers=0 (Multiprocessing disabled for stability)

======================================================================
Running Final Evaluation...
======================================================================

Test Results:
  Accuracy:  0.9996
  F1-Score:  0.9996
  Precision: 0.9996
  Recall:    0.9996

Confusion Matrix:
[[4291    0]
 [   4 5705]]

Detailed Classification Report:
              precision    recall  f1-score   support

           0     0.9991    1.0000    0.9995      4291
           1     1.0000    0.9993    0.9996      5709

    accuracy                         0.9996     10000
   macro avg     0.9995    0.9996    0.9996     10000
weighted avg     0.9996    0.9996    0.9996     10000

📊 Training history plot saved to results/training_history.png

======================================================================
Training Complete!
======================================================================
Best model saved to: models/best_model.pth
Results saved to: results/

✅ Log file saved to: results\training_log_20251124_042611.txt

======================================================================
Training Log Ended: 2025-11-24 04:47:30
Exit Status: SUCCESS
======================================================================
