
======================================================================
Training Log Started: 2025-11-24 04:49:17
Log File: results\training_log_20251124_044917.txt
======================================================================

📝 All output will be logged to: results\training_log_20251124_044917.txt
======================================================================

======================================================================
Quantum Machine Learning: Transformer + AutoML
Dataset: 5G-NIDD
======================================================================

======================================================================
GPU Availability Check
======================================================================
✓ GPU Available: NVIDIA GeForce RTX 5060
  GPU Memory: 8.55 GB
  CUDA Version: 12.6
  PyTorch Version: 2.9.1+cu126
  ✓ GPU Test: Successfully created tensor on cuda:0

🚀 GPU Ready: cuda:0
Note: Classical layers will use GPU, quantum circuits run on CPU

======================================================================
SECTION 1: Testing Data Loader
======================================================================
📊 Using FULL dataset (all available data) for training
Loading data from data/data.csv...
Dataset shape: (1215890, 52)
Columns (52): ['Unnamed: 0', 'Seq', 'Dur', 'RunTime', 'Mean', 'Sum', 'Min', 'Max', 'Proto', 'sTos']...
✓ Data loaded: (1215890, 52)
Target Column detected: 'Label'
Dropping sparse column: Proto (>50% NaN)
Dropping sparse column: dTos (>50% NaN)
Dropping sparse column: sDSb (>50% NaN)
Dropping sparse column: dDSb (>50% NaN)
Dropping sparse column: dTtl (>50% NaN)
Dropping sparse column: dHops (>50% NaN)
Dropping sparse column: Cause (>50% NaN)
Dropping sparse column: SrcGap (>50% NaN)
Dropping sparse column: DstGap (>50% NaN)
Dropping sparse column: State (>50% NaN)
Dropping sparse column: SrcWin (>50% NaN)
Dropping sparse column: DstWin (>50% NaN)
Dropping sparse column: sVid (>50% NaN)
Dropping sparse column: dVid (>50% NaN)
Dropping sparse column: SrcTCPBase (>50% NaN)
Dropping sparse column: DstTCPBase (>50% NaN)
Dropping 214 rows with NaN features (0.02%)
Final Features shape: (1215676, 31)
Final Labels shape: (1215676,)
Selected 31 feature columns
Unique labels (2): ['Benign' 'Malicious']
✓ Features extracted: X=(1215676, 31), y=(1215676,)
Data split - Train: (850972, 31), Val: (121568, 31), Test: (243136, 31)
✓ Data split complete
  Train: (850972, 31), Val: (121568, 31), Test: (243136, 31)

======================================================================
SECTION 2: Testing Data Preprocessor
======================================================================
Reducing to 6 features (to match n_qubits=6)...
Reducing dimensions from 31 to 6 using select_k_best...
Selected 6 best features from 31 original features
✓ Features preprocessed: (850972, 6)
Classes: ['Benign' 'Malicious']
Label mapping: {'Benign': 0, 'Malicious': 1}
✓ Labels encoded
Input dimension: 6
Number of classes: 2
Train set: (850972, 6)
Val set: (121568, 6)
Test set: (243136, 6)

======================================================================
SECTION 7: Full Pipeline
======================================================================

======================================================================
Step 3: AutoML Hyperparameter Optimization
======================================================================
Using device: cuda:0
Training on FULL dataset (all available data)
Starting Optuna optimization on cuda:0 with 30 trials...
[Trial Failed] Error: CUDA error: no kernel image is available for execution on the device
Search for `cudaErrorNoKernelImageForDevice' in https://docs.nvidia.com/cuda/cuda-runtime-api/group__CUDART__TYPES.html for more information.
CUDA kernel errors might be asynchronously reported at some other API call, so the stacktrace below might be incorrect.
For debugging consider passing CUDA_LAUNCH_BLOCKING=1
Compile with `TORCH_USE_CUDA_DSA` to enable device-side assertions.

[I 2025-11-24 04:49:27,637] Trial 0 finished with value: 0.0 and parameters: {'embed_dim': 64, 'n_transformer_layers': 6, 'n_quantum_layers': 3, 'n_qubits': 6, 'dropout': 0.279597545259111, 'learning_rate': 0.0002051338263087451, 'batch_size': 128, 'n_epochs': 22}. Best is trial 0 with value: 0.0.
[Trial Failed] Error: CUDA error: no kernel image is available for execution on the device
Search for `cudaErrorNoKernelImageForDevice' in https://docs.nvidia.com/cuda/cuda-runtime-api/group__CUDART__TYPES.html for more information.
CUDA kernel errors might be asynchronously reported at some other API call, so the stacktrace below might be incorrect.
For debugging consider passing CUDA_LAUNCH_BLOCKING=1
Compile with `TORCH_USE_CUDA_DSA` to enable device-side assertions.

[I 2025-11-24 04:49:27,669] Trial 1 finished with value: 0.0 and parameters: {'embed_dim': 96, 'n_transformer_layers': 2, 'n_quantum_layers': 4, 'n_qubits': 6, 'dropout': 0.34973279224012654, 'learning_rate': 0.00026587543983272726, 'batch_size': 128, 'n_epochs': 21}. Best is trial 0 with value: 0.0.
[Trial Failed] Error: CUDA error: no kernel image is available for execution on the device
Search for `cudaErrorNoKernelImageForDevice' in https://docs.nvidia.com/cuda/cuda-runtime-api/group__CUDART__TYPES.html for more information.
CUDA kernel errors might be asynchronously reported at some other API call, so the stacktrace below might be incorrect.
For debugging consider passing CUDA_LAUNCH_BLOCKING=1
Compile with `TORCH_USE_CUDA_DSA` to enable device-side assertions.

[I 2025-11-24 04:49:27,705] Trial 2 finished with value: 0.0 and parameters: {'embed_dim': 80, 'n_transformer_layers': 3, 'n_quantum_layers': 3, 'n_qubits': 6, 'dropout': 0.14184815819561256, 'learning_rate': 0.0003839629299804173, 'batch_size': 128, 'n_epochs': 14}. Best is trial 0 with value: 0.0.
[Trial Failed] Error: CUDA error: no kernel image is available for execution on the device
Search for `cudaErrorNoKernelImageForDevice' in https://docs.nvidia.com/cuda/cuda-runtime-api/group__CUDART__TYPES.html for more information.
CUDA kernel errors might be asynchronously reported at some other API call, so the stacktrace below might be incorrect.
For debugging consider passing CUDA_LAUNCH_BLOCKING=1
Compile with `TORCH_USE_CUDA_DSA` to enable device-side assertions.

[I 2025-11-24 04:49:27,740] Trial 3 finished with value: 0.0 and parameters: {'embed_dim': 80, 'n_transformer_layers': 4, 'n_quantum_layers': 1, 'n_qubits': 6, 'dropout': 0.28226345557043153, 'learning_rate': 0.00021930485556643703, 'batch_size': 128, 'n_epochs': 26}. Best is trial 0 with value: 0.0.
[Trial Failed] Error: CUDA error: no kernel image is available for execution on the device
Search for `cudaErrorNoKernelImageForDevice' in https://docs.nvidia.com/cuda/cuda-runtime-api/group__CUDART__TYPES.html for more information.
CUDA kernel errors might be asynchronously reported at some other API call, so the stacktrace below might be incorrect.
For debugging consider passing CUDA_LAUNCH_BLOCKING=1
Compile with `TORCH_USE_CUDA_DSA` to enable device-side assertions.

[I 2025-11-24 04:49:27,771] Trial 4 finished with value: 0.0 and parameters: {'embed_dim': 64, 'n_transformer_layers': 2, 'n_quantum_layers': 3, 'n_qubits': 6, 'dropout': 0.23204574812188042, 'learning_rate': 0.00017541893487450815, 'batch_size': 128, 'n_epochs': 15}. Best is trial 0 with value: 0.0.
[Trial Failed] Error: CUDA error: no kernel image is available for execution on the device
Search for `cudaErrorNoKernelImageForDevice' in https://docs.nvidia.com/cuda/cuda-runtime-api/group__CUDART__TYPES.html for more information.
CUDA kernel errors might be asynchronously reported at some other API call, so the stacktrace below might be incorrect.
For debugging consider passing CUDA_LAUNCH_BLOCKING=1
Compile with `TORCH_USE_CUDA_DSA` to enable device-side assertions.

[I 2025-11-24 04:49:27,803] Trial 5 finished with value: 0.0 and parameters: {'embed_dim': 96, 'n_transformer_layers': 3, 'n_quantum_layers': 3, 'n_qubits': 6, 'dropout': 0.26401308380298394, 'learning_rate': 0.00023426581058204064, 'batch_size': 32, 'n_epochs': 28}. Best is trial 0 with value: 0.0.
[Trial Failed] Error: CUDA error: no kernel image is available for execution on the device
Search for `cudaErrorNoKernelImageForDevice' in https://docs.nvidia.com/cuda/cuda-runtime-api/group__CUDART__TYPES.html for more information.
CUDA kernel errors might be asynchronously reported at some other API call, so the stacktrace below might be incorrect.
For debugging consider passing CUDA_LAUNCH_BLOCKING=1
Compile with `TORCH_USE_CUDA_DSA` to enable device-side assertions.

[I 2025-11-24 04:49:27,839] Trial 6 finished with value: 0.0 and parameters: {'embed_dim': 96, 'n_transformer_layers': 6, 'n_quantum_layers': 1, 'n_qubits': 6, 'dropout': 0.15879485872574356, 'learning_rate': 0.00012315571723666037, 'batch_size': 64, 'n_epochs': 27}. Best is trial 0 with value: 0.0.
[Trial Failed] Error: CUDA error: no kernel image is available for execution on the device
Search for `cudaErrorNoKernelImageForDevice' in https://docs.nvidia.com/cuda/cuda-runtime-api/group__CUDART__TYPES.html for more information.
CUDA kernel errors might be asynchronously reported at some other API call, so the stacktrace below might be incorrect.
For debugging consider passing CUDA_LAUNCH_BLOCKING=1
Compile with `TORCH_USE_CUDA_DSA` to enable device-side assertions.

[I 2025-11-24 04:49:27,869] Trial 7 finished with value: 0.0 and parameters: {'embed_dim': 64, 'n_transformer_layers': 3, 'n_quantum_layers': 3, 'n_qubits': 6, 'dropout': 0.1422772674924288, 'learning_rate': 0.0040215545266902904, 'batch_size': 64, 'n_epochs': 14}. Best is trial 0 with value: 0.0.
[Trial Failed] Error: CUDA error: no kernel image is available for execution on the device
Search for `cudaErrorNoKernelImageForDevice' in https://docs.nvidia.com/cuda/cuda-runtime-api/group__CUDART__TYPES.html for more information.
CUDA kernel errors might be asynchronously reported at some other API call, so the stacktrace below might be incorrect.
For debugging consider passing CUDA_LAUNCH_BLOCKING=1
Compile with `TORCH_USE_CUDA_DSA` to enable device-side assertions.

[I 2025-11-24 04:49:27,904] Trial 8 finished with value: 0.0 and parameters: {'embed_dim': 32, 'n_transformer_layers': 6, 'n_quantum_layers': 3, 'n_qubits': 6, 'dropout': 0.3187021504122962, 'learning_rate': 0.0034877126245459306, 'batch_size': 64, 'n_epochs': 28}. Best is trial 0 with value: 0.0.
[Trial Failed] Error: CUDA error: no kernel image is available for execution on the device
Search for `cudaErrorNoKernelImageForDevice' in https://docs.nvidia.com/cuda/cuda-runtime-api/group__CUDART__TYPES.html for more information.
CUDA kernel errors might be asynchronously reported at some other API call, so the stacktrace below might be incorrect.
For debugging consider passing CUDA_LAUNCH_BLOCKING=1
Compile with `TORCH_USE_CUDA_DSA` to enable device-side assertions.

[I 2025-11-24 04:49:27,935] Trial 9 finished with value: 0.0 and parameters: {'embed_dim': 96, 'n_transformer_layers': 3, 'n_quantum_layers': 1, 'n_qubits': 6, 'dropout': 0.19329469651469866, 'learning_rate': 0.0004470608546778491, 'batch_size': 128, 'n_epochs': 19}. Best is trial 0 with value: 0.0.
[Trial Failed] Error: CUDA error: no kernel image is available for execution on the device
Search for `cudaErrorNoKernelImageForDevice' in https://docs.nvidia.com/cuda/cuda-runtime-api/group__CUDART__TYPES.html for more information.
CUDA kernel errors might be asynchronously reported at some other API call, so the stacktrace below might be incorrect.
For debugging consider passing CUDA_LAUNCH_BLOCKING=1
Compile with `TORCH_USE_CUDA_DSA` to enable device-side assertions.

[I 2025-11-24 04:49:27,981] Trial 10 finished with value: 0.0 and parameters: {'embed_dim': 128, 'n_transformer_layers': 5, 'n_quantum_layers': 2, 'n_qubits': 6, 'dropout': 0.37968710257353616, 'learning_rate': 0.001103265464618734, 'batch_size': 32, 'n_epochs': 10}. Best is trial 0 with value: 0.0.
[Trial Failed] Error: CUDA error: no kernel image is available for execution on the device
Search for `cudaErrorNoKernelImageForDevice' in https://docs.nvidia.com/cuda/cuda-runtime-api/group__CUDART__TYPES.html for more information.
CUDA kernel errors might be asynchronously reported at some other API call, so the stacktrace below might be incorrect.
For debugging consider passing CUDA_LAUNCH_BLOCKING=1
Compile with `TORCH_USE_CUDA_DSA` to enable device-side assertions.

[I 2025-11-24 04:49:28,020] Trial 11 finished with value: 0.0 and parameters: {'embed_dim': 32, 'n_transformer_layers': 5, 'n_quantum_layers': 4, 'n_qubits': 6, 'dropout': 0.3576779691245997, 'learning_rate': 0.0007584001479563494, 'batch_size': 128, 'n_epochs': 22}. Best is trial 0 with value: 0.0.
[Trial Failed] Error: CUDA error: no kernel image is available for execution on the device
Search for `cudaErrorNoKernelImageForDevice' in https://docs.nvidia.com/cuda/cuda-runtime-api/group__CUDART__TYPES.html for more information.
CUDA kernel errors might be asynchronously reported at some other API call, so the stacktrace below might be incorrect.
For debugging consider passing CUDA_LAUNCH_BLOCKING=1
Compile with `TORCH_USE_CUDA_DSA` to enable device-side assertions.

[I 2025-11-24 04:49:28,057] Trial 12 finished with value: 0.0 and parameters: {'embed_dim': 128, 'n_transformer_layers': 2, 'n_quantum_layers': 4, 'n_qubits': 6, 'dropout': 0.3260684568050581, 'learning_rate': 0.00010336923916326584, 'batch_size': 128, 'n_epochs': 22}. Best is trial 0 with value: 0.0.
[Trial Failed] Error: CUDA error: no kernel image is available for execution on the device
Search for `cudaErrorNoKernelImageForDevice' in https://docs.nvidia.com/cuda/cuda-runtime-api/group__CUDART__TYPES.html for more information.
CUDA kernel errors might be asynchronously reported at some other API call, so the stacktrace below might be incorrect.
For debugging consider passing CUDA_LAUNCH_BLOCKING=1
Compile with `TORCH_USE_CUDA_DSA` to enable device-side assertions.

[I 2025-11-24 04:49:28,094] Trial 13 finished with value: 0.0 and parameters: {'embed_dim': 48, 'n_transformer_layers': 5, 'n_quantum_layers': 4, 'n_qubits': 6, 'dropout': 0.3954237791754908, 'learning_rate': 0.0009168435760388632, 'batch_size': 128, 'n_epochs': 19}. Best is trial 0 with value: 0.0.
[Trial Failed] Error: CUDA error: no kernel image is available for execution on the device
Search for `cudaErrorNoKernelImageForDevice' in https://docs.nvidia.com/cuda/cuda-runtime-api/group__CUDART__TYPES.html for more information.
CUDA kernel errors might be asynchronously reported at some other API call, so the stacktrace below might be incorrect.
For debugging consider passing CUDA_LAUNCH_BLOCKING=1
Compile with `TORCH_USE_CUDA_DSA` to enable device-side assertions.

[I 2025-11-24 04:49:28,137] Trial 14 finished with value: 0.0 and parameters: {'embed_dim': 112, 'n_transformer_layers': 4, 'n_quantum_layers': 2, 'n_qubits': 6, 'dropout': 0.30229344795163393, 'learning_rate': 0.0018766870441105819, 'batch_size': 128, 'n_epochs': 24}. Best is trial 0 with value: 0.0.
[Trial Failed] Error: CUDA error: no kernel image is available for execution on the device
Search for `cudaErrorNoKernelImageForDevice' in https://docs.nvidia.com/cuda/cuda-runtime-api/group__CUDART__TYPES.html for more information.
CUDA kernel errors might be asynchronously reported at some other API call, so the stacktrace below might be incorrect.
For debugging consider passing CUDA_LAUNCH_BLOCKING=1
Compile with `TORCH_USE_CUDA_DSA` to enable device-side assertions.

[I 2025-11-24 04:49:28,178] Trial 15 finished with value: 0.0 and parameters: {'embed_dim': 64, 'n_transformer_layers': 6, 'n_quantum_layers': 4, 'n_qubits': 6, 'dropout': 0.23506836917789348, 'learning_rate': 0.009818247569037455, 'batch_size': 32, 'n_epochs': 17}. Best is trial 0 with value: 0.0.
[Trial Failed] Error: CUDA error: no kernel image is available for execution on the device
Search for `cudaErrorNoKernelImageForDevice' in https://docs.nvidia.com/cuda/cuda-runtime-api/group__CUDART__TYPES.html for more information.
CUDA kernel errors might be asynchronously reported at some other API call, so the stacktrace below might be incorrect.
For debugging consider passing CUDA_LAUNCH_BLOCKING=1
Compile with `TORCH_USE_CUDA_DSA` to enable device-side assertions.

[I 2025-11-24 04:49:28,216] Trial 16 finished with value: 0.0 and parameters: {'embed_dim': 112, 'n_transformer_layers': 2, 'n_quantum_layers': 2, 'n_qubits': 6, 'dropout': 0.3476903807204564, 'learning_rate': 0.00041267148394755443, 'batch_size': 128, 'n_epochs': 23}. Best is trial 0 with value: 0.0.
[Trial Failed] Error: CUDA error: no kernel image is available for execution on the device
Search for `cudaErrorNoKernelImageForDevice' in https://docs.nvidia.com/cuda/cuda-runtime-api/group__CUDART__TYPES.html for more information.
CUDA kernel errors might be asynchronously reported at some other API call, so the stacktrace below might be incorrect.
For debugging consider passing CUDA_LAUNCH_BLOCKING=1
Compile with `TORCH_USE_CUDA_DSA` to enable device-side assertions.

[I 2025-11-24 04:49:28,255] Trial 17 finished with value: 0.0 and parameters: {'embed_dim': 48, 'n_transformer_layers': 5, 'n_quantum_layers': 4, 'n_qubits': 6, 'dropout': 0.1046531145982682, 'learning_rate': 0.0003054188400065953, 'batch_size': 128, 'n_epochs': 25}. Best is trial 0 with value: 0.0.
[Trial Failed] Error: CUDA error: no kernel image is available for execution on the device
Search for `cudaErrorNoKernelImageForDevice' in https://docs.nvidia.com/cuda/cuda-runtime-api/group__CUDART__TYPES.html for more information.
CUDA kernel errors might be asynchronously reported at some other API call, so the stacktrace below might be incorrect.
For debugging consider passing CUDA_LAUNCH_BLOCKING=1
Compile with `TORCH_USE_CUDA_DSA` to enable device-side assertions.

[I 2025-11-24 04:49:28,291] Trial 18 finished with value: 0.0 and parameters: {'embed_dim': 80, 'n_transformer_layers': 4, 'n_quantum_layers': 4, 'n_qubits': 6, 'dropout': 0.2897186734489831, 'learning_rate': 0.0007037874972947771, 'batch_size': 32, 'n_epochs': 20}. Best is trial 0 with value: 0.0.
[Trial Failed] Error: CUDA error: no kernel image is available for execution on the device
Search for `cudaErrorNoKernelImageForDevice' in https://docs.nvidia.com/cuda/cuda-runtime-api/group__CUDART__TYPES.html for more information.
CUDA kernel errors might be asynchronously reported at some other API call, so the stacktrace below might be incorrect.
For debugging consider passing CUDA_LAUNCH_BLOCKING=1
Compile with `TORCH_USE_CUDA_DSA` to enable device-side assertions.

[I 2025-11-24 04:49:28,334] Trial 19 finished with value: 0.0 and parameters: {'embed_dim': 48, 'n_transformer_layers': 6, 'n_quantum_layers': 3, 'n_qubits': 6, 'dropout': 0.35057176270491625, 'learning_rate': 0.0001537976190717288, 'batch_size': 64, 'n_epochs': 17}. Best is trial 0 with value: 0.0.
[Trial Failed] Error: CUDA error: no kernel image is available for execution on the device
Search for `cudaErrorNoKernelImageForDevice' in https://docs.nvidia.com/cuda/cuda-runtime-api/group__CUDART__TYPES.html for more information.
CUDA kernel errors might be asynchronously reported at some other API call, so the stacktrace below might be incorrect.
For debugging consider passing CUDA_LAUNCH_BLOCKING=1
Compile with `TORCH_USE_CUDA_DSA` to enable device-side assertions.

[I 2025-11-24 04:49:28,370] Trial 20 finished with value: 0.0 and parameters: {'embed_dim': 112, 'n_transformer_layers': 2, 'n_quantum_layers': 2, 'n_qubits': 6, 'dropout': 0.208203759101667, 'learning_rate': 0.0005640177662774702, 'batch_size': 128, 'n_epochs': 11}. Best is trial 0 with value: 0.0.
[Trial Failed] Error: CUDA error: no kernel image is available for execution on the device
Search for `cudaErrorNoKernelImageForDevice' in https://docs.nvidia.com/cuda/cuda-runtime-api/group__CUDART__TYPES.html for more information.
CUDA kernel errors might be asynchronously reported at some other API call, so the stacktrace below might be incorrect.
For debugging consider passing CUDA_LAUNCH_BLOCKING=1
Compile with `TORCH_USE_CUDA_DSA` to enable device-side assertions.

[I 2025-11-24 04:49:28,407] Trial 21 finished with value: 0.0 and parameters: {'embed_dim': 80, 'n_transformer_layers': 3, 'n_quantum_layers': 3, 'n_qubits': 6, 'dropout': 0.2625876803944885, 'learning_rate': 0.0003350284722822971, 'batch_size': 128, 'n_epochs': 14}. Best is trial 0 with value: 0.0.
[Trial Failed] Error: CUDA error: no kernel image is available for execution on the device
Search for `cudaErrorNoKernelImageForDevice' in https://docs.nvidia.com/cuda/cuda-runtime-api/group__CUDART__TYPES.html for more information.
CUDA kernel errors might be asynchronously reported at some other API call, so the stacktrace below might be incorrect.
For debugging consider passing CUDA_LAUNCH_BLOCKING=1
Compile with `TORCH_USE_CUDA_DSA` to enable device-side assertions.

[I 2025-11-24 04:49:28,443] Trial 22 finished with value: 0.0 and parameters: {'embed_dim': 80, 'n_transformer_layers': 3, 'n_quantum_layers': 3, 'n_qubits': 6, 'dropout': 0.18429766412142284, 'learning_rate': 0.0002580715495443925, 'batch_size': 128, 'n_epochs': 30}. Best is trial 0 with value: 0.0.
[Trial Failed] Error: CUDA error: no kernel image is available for execution on the device
Search for `cudaErrorNoKernelImageForDevice' in https://docs.nvidia.com/cuda/cuda-runtime-api/group__CUDART__TYPES.html for more information.
CUDA kernel errors might be asynchronously reported at some other API call, so the stacktrace below might be incorrect.
For debugging consider passing CUDA_LAUNCH_BLOCKING=1
Compile with `TORCH_USE_CUDA_DSA` to enable device-side assertions.

