[I 2025-11-24 04:49:28,481] Trial 23 finished with value: 0.0 and parameters: {'embed_dim': 96, 'n_transformer_layers': 2, 'n_quantum_layers': 3, 'n_qubits': 6, 'dropout': 0.10450636348770626, 'learning_rate': 0.00017023652505918272, 'batch_size': 128, 'n_epochs': 21}. Best is trial 0 with value: 0.0.
[Trial Failed] Error: CUDA error: no kernel image is available for execution on the device
Search for `cudaErrorNoKernelImageForDevice' in https://docs.nvidia.com/cuda/cuda-runtime-api/group__CUDART__TYPES.html for more information.
CUDA kernel errors might be asynchronously reported at some other API call, so the stacktrace below might be incorrect.
For debugging consider passing CUDA_LAUNCH_BLOCKING=1
Compile with `TORCH_USE_CUDA_DSA` to enable device-side assertions.

[I 2025-11-24 04:49:28,520] Trial 24 finished with value: 0.0 and parameters: {'embed_dim': 64, 'n_transformer_layers': 4, 'n_quantum_layers': 4, 'n_qubits': 6, 'dropout': 0.15640356321036158, 'learning_rate': 0.0014411338122813277, 'batch_size': 128, 'n_epochs': 17}. Best is trial 0 with value: 0.0.
[Trial Failed] Error: CUDA error: no kernel image is available for execution on the device
Search for `cudaErrorNoKernelImageForDevice' in https://docs.nvidia.com/cuda/cuda-runtime-api/group__CUDART__TYPES.html for more information.
CUDA kernel errors might be asynchronously reported at some other API call, so the stacktrace below might be incorrect.
For debugging consider passing CUDA_LAUNCH_BLOCKING=1
Compile with `TORCH_USE_CUDA_DSA` to enable device-side assertions.

[I 2025-11-24 04:49:28,556] Trial 25 finished with value: 0.0 and parameters: {'embed_dim': 80, 'n_transformer_layers': 3, 'n_quantum_layers': 2, 'n_qubits': 6, 'dropout': 0.32043340879657656, 'learning_rate': 0.00035182107867254227, 'batch_size': 128, 'n_epochs': 12}. Best is trial 0 with value: 0.0.
[Trial Failed] Error: CUDA error: no kernel image is available for execution on the device
Search for `cudaErrorNoKernelImageForDevice' in https://docs.nvidia.com/cuda/cuda-runtime-api/group__CUDART__TYPES.html for more information.
CUDA kernel errors might be asynchronously reported at some other API call, so the stacktrace below might be incorrect.
For debugging consider passing CUDA_LAUNCH_BLOCKING=1
Compile with `TORCH_USE_CUDA_DSA` to enable device-side assertions.

[I 2025-11-24 04:49:28,589] Trial 26 finished with value: 0.0 and parameters: {'embed_dim': 64, 'n_transformer_layers': 2, 'n_quantum_layers': 3, 'n_qubits': 6, 'dropout': 0.22512425610326553, 'learning_rate': 0.0005263674780287425, 'batch_size': 128, 'n_epochs': 19}. Best is trial 0 with value: 0.0.
[Trial Failed] Error: CUDA error: no kernel image is available for execution on the device
Search for `cudaErrorNoKernelImageForDevice' in https://docs.nvidia.com/cuda/cuda-runtime-api/group__CUDART__TYPES.html for more information.
CUDA kernel errors might be asynchronously reported at some other API call, so the stacktrace below might be incorrect.
For debugging consider passing CUDA_LAUNCH_BLOCKING=1
Compile with `TORCH_USE_CUDA_DSA` to enable device-side assertions.

[I 2025-11-24 04:49:28,639] Trial 27 finished with value: 0.0 and parameters: {'embed_dim': 96, 'n_transformer_layers': 3, 'n_quantum_layers': 4, 'n_qubits': 6, 'dropout': 0.2594125576915605, 'learning_rate': 0.0002032510283049333, 'batch_size': 128, 'n_epochs': 24}. Best is trial 0 with value: 0.0.
[Trial Failed] Error: CUDA error: no kernel image is available for execution on the device
Search for `cudaErrorNoKernelImageForDevice' in https://docs.nvidia.com/cuda/cuda-runtime-api/group__CUDART__TYPES.html for more information.
CUDA kernel errors might be asynchronously reported at some other API call, so the stacktrace below might be incorrect.
For debugging consider passing CUDA_LAUNCH_BLOCKING=1
Compile with `TORCH_USE_CUDA_DSA` to enable device-side assertions.

[I 2025-11-24 04:49:28,677] Trial 28 finished with value: 0.0 and parameters: {'embed_dim': 80, 'n_transformer_layers': 4, 'n_quantum_layers': 3, 'n_qubits': 6, 'dropout': 0.36980499749328544, 'learning_rate': 0.00013668924277241746, 'batch_size': 64, 'n_epochs': 16}. Best is trial 0 with value: 0.0.
[Trial Failed] Error: CUDA error: no kernel image is available for execution on the device
Search for `cudaErrorNoKernelImageForDevice' in https://docs.nvidia.com/cuda/cuda-runtime-api/group__CUDART__TYPES.html for more information.
CUDA kernel errors might be asynchronously reported at some other API call, so the stacktrace below might be incorrect.
For debugging consider passing CUDA_LAUNCH_BLOCKING=1
Compile with `TORCH_USE_CUDA_DSA` to enable device-side assertions.

[I 2025-11-24 04:49:28,717] Trial 29 finished with value: 0.0 and parameters: {'embed_dim': 112, 'n_transformer_layers': 4, 'n_quantum_layers': 2, 'n_qubits': 6, 'dropout': 0.2741033615972338, 'learning_rate': 0.0002609758185362458, 'batch_size': 32, 'n_epochs': 21}. Best is trial 0 with value: 0.0.

Best trial value: 0.0000
Best params:
  embed_dim: 64
  n_transformer_layers: 6
  n_quantum_layers: 3
  n_qubits: 6
  dropout: 0.279597545259111
  learning_rate: 0.0002051338263087451
  batch_size: 128
  n_epochs: 22

Warning: No best model state_dict was saved.

Best hyperparameters found:
  embed_dim: 64
  n_transformer_layers: 6
  n_quantum_layers: 3
  n_qubits: 6
  dropout: 0.279597545259111
  learning_rate: 0.0002051338263087451
  batch_size: 128
  n_epochs: 22

======================================================================
Step 4: Training Quantum Transformer with Best Hyperparameters
======================================================================
✓ Model created with 267,646 parameters
🎮 GPU: NVIDIA GeForce RTX 5060 (Compute Capability: 12.0)

⚠️  WARNING: GPU with compute capability 12.0 detected
   This GPU architecture may not be supported by current PyTorch builds.
   ⚠️  RTX 5060 or similar Blackwell architecture GPU detected (sm_120)
   Official stable PyTorch releases don't support this GPU yet.

   💡 RECOMMENDED SOLUTIONS:
   1. Try PyTorch nightly build (may have sm_120 support):
      pip install --pre torch torchvision torchaudio --index-url https://download.pytorch.org/whl/nightly/cu126
   2. Use CPU mode (automatic fallback - slower but works)
   3. Wait for official PyTorch release with sm_120 support

   Testing compatibility...

❌ CUDA Kernel Compatibility Error
   GPU: NVIDIA GeForce RTX 5060
   Compute Capability: 12.0

   🔍 DIAGNOSIS: RTX 5060 or newer GPU (sm_120+)
   Current PyTorch build doesn't include kernels for this GPU architecture.

   💡 SOLUTIONS (in order of recommendation):
   1. Try PyTorch nightly build:
      pip install --pre torch torchvision torchaudio --index-url https://download.pytorch.org/whl/nightly/cu126
      Then restart your script.
   2. Use CPU mode (automatic - slower but works):
      The trainer will automatically fall back to CPU.
   3. Build PyTorch from source with sm_120 support (advanced)
   4. Wait for official PyTorch release

   ⚙️  Falling back to CPU mode...
   ℹ️  Compilation disabled (CPU mode on Windows requires C++ compiler)
✅ Using CPU (GPU unavailable or incompatible)
✅ Model initialized on cpu (Compilation disabled)
✅ Hardware detected: Device=cpu, CPUs=6

📊 Training Configuration:
  Dataset: FULL dataset (all available data)
  Epochs: 22
  Batch size: 128
  Learning rate: 0.000205
  Label smoothing: 0.1 (for better generalization)
  LR Scheduler: CosineAnnealingWarmRestarts (T_0=10, T_mult=2)

--- Starting Quantum-Hybrid Training ---
⚠️ Windows detected: Forced num_workers=0 (Multiprocessing disabled for stability)
⚙️ DataLoader Config: workers=0, pin_memory=False
Epoch 1/22: Train Loss: 0.3070 | Val Loss: 0.2852 | Val Acc: 0.9151 | LR: 0.000205
Epoch 2/22: Train Loss: 0.2963 | Val Loss: 0.2853 | Val Acc: 0.9153 | LR: 0.000200
Epoch 3/22: Train Loss: 0.2948 | Val Loss: 0.2852 | Val Acc: 0.9160 | LR: 0.000186
Epoch 4/22: Train Loss: 0.2939 | Val Loss: 0.2935 | Val Acc: 0.9126 | LR: 0.000163
Epoch 5/22: Train Loss: 0.2932 | Val Loss: 0.2846 | Val Acc: 0.9161 | LR: 0.000135
Epoch 6/22: Train Loss: 0.2923 | Val Loss: 0.2855 | Val Acc: 0.9159 | LR: 0.000103
Epoch 7/22: Train Loss: 0.2917 | Val Loss: 0.2843 | Val Acc: 0.9152 | LR: 0.000072
Epoch 8/22: Train Loss: 0.2911 | Val Loss: 0.2838 | Val Acc: 0.9154 | LR: 0.000043
Epoch 9/22: Train Loss: 0.2908 | Val Loss: 0.2833 | Val Acc: 0.9163 | LR: 0.000020
Epoch 10/22: Train Loss: 0.2905 | Val Loss: 0.2835 | Val Acc: 0.9161 | LR: 0.000006
Epoch 11/22: Train Loss: 0.2930 | Val Loss: 0.2849 | Val Acc: 0.9155 | LR: 0.000205
Epoch 12/22: Train Loss: 0.2924 | Val Loss: 0.2842 | Val Acc: 0.9163 | LR: 0.000204
Epoch 13/22: Train Loss: 0.2917 | Val Loss: 0.2838 | Val Acc: 0.9157 | LR: 0.000200
Epoch 14/22: Train Loss: 0.2915 | Val Loss: 0.2839 | Val Acc: 0.9151 | LR: 0.000194
⏹️ Early stopping at epoch 14 (no improvement for 5 epochs)
✅ Training complete. Best model saved to models/best_model.pth

======================================================================
Step 5: Evaluating on Test Set
======================================================================
⚠️ Windows detected: Forced num_workers=0 (Multiprocessing disabled for stability)

======================================================================
Running Final Evaluation...
======================================================================

Test Results:
  Accuracy:  0.9170
  F1-Score:  0.9166
  Precision: 0.9169
  Recall:    0.9170

Confusion Matrix:
[[ 83210  12295]
 [  7891 139740]]

Detailed Classification Report:
              precision    recall  f1-score   support

           0     0.9134    0.8713    0.8918     95505
           1     0.9191    0.9465    0.9326    147631

    accuracy                         0.9170    243136
   macro avg     0.9163    0.9089    0.9122    243136
weighted avg     0.9169    0.9170    0.9166    243136

📊 Training history plot saved to results/training_history.png

======================================================================
Training Complete!
======================================================================
Best model saved to: models/best_model.pth
Results saved to: results/

✅ Log file saved to: results\training_log_20251124_044917.txt

======================================================================
Training Log Ended: 2025-11-24 09:57:59
Exit Status: SUCCESS
======================================================================
